<?xml version="1.0" encoding="UTF-8"?>
<!-- Generated by org.testng.reporters.JUnitReportReporter -->
<testsuite hostname="LAPTOP-6TAC5J4P" name="com.aditya.testsuites.TS001" tests="8" failures="0" timestamp="14 Feb 2022 02:37:39 GMT" time="63.542" errors="0">
  <testcase name="TC001" time="8.875" classname="com.aditya.testsuites.TS001"/>
  <testcase name="TC003" time="8.763" classname="com.aditya.testsuites.TS001"/>
  <testcase name="TC005" time="8.948" classname="com.aditya.testsuites.TS001"/>
  <testcase name="TC007" time="2.408" classname="com.aditya.testsuites.TS001"/>
  <testcase name="TC004" time="9.198" classname="com.aditya.testsuites.TS001"/>
  <testcase name="TC008" time="5.018" classname="com.aditya.testsuites.TS001"/>
  <testcase name="TC002" time="4.469" classname="com.aditya.testsuites.TS001"/>
  <testcase name="TC006" time="15.863" classname="com.aditya.testsuites.TS001"/>
</testsuite> <!-- com.aditya.testsuites.TS001 -->
