<?xml version="1.0" encoding="UTF-8"?>
<!-- Generated by org.testng.reporters.JUnitReportReporter -->
<testsuite hostname="LAPTOP-6TAC5J4P" name="com.aditya.testcase.TCM001_Register" tests="1" failures="0" timestamp="13 Feb 2022 19:53:32 GMT" time="10.299" errors="0">
  <testcase name="firstTest" time="10.299" classname="com.aditya.testcase.TCM001_Register"/>
</testsuite> <!-- com.aditya.testcase.TCM001_Register -->
