<?xml version="1.0" encoding="UTF-8"?>
<!-- Generated by org.testng.reporters.JUnitReportReporter -->
<testsuite hostname="LAPTOP-6TAC5J4P" name="com.aditya.testcasemobile.TCM004_Register_IncorrectEmail" tests="1" failures="0" timestamp="14 Feb 2022 01:39:53 GMT" time="7.819" errors="0">
  <testcase name="main" time="7.819" classname="com.aditya.testcasemobile.TCM004_Register_IncorrectEmail"/>
</testsuite> <!-- com.aditya.testcasemobile.TCM004_Register_IncorrectEmail -->
