<?xml version="1.0" encoding="UTF-8"?>
<!-- Generated by org.testng.reporters.JUnitReportReporter -->
<testsuite hostname="LAPTOP-6TAC5J4P" name="com.aditya.testcasemobile.TCM006_Register_EmailAlreeadyUsed" tests="1" failures="0" timestamp="14 Feb 2022 01:54:20 GMT" time="15.557" errors="0">
  <testcase name="main" time="15.557" classname="com.aditya.testcasemobile.TCM006_Register_EmailAlreeadyUsed"/>
</testsuite> <!-- com.aditya.testcasemobile.TCM006_Register_EmailAlreeadyUsed -->
