<?xml version="1.0" encoding="UTF-8"?>
<!-- Generated by org.testng.reporters.JUnitReportReporter -->
<testsuite hostname="LAPTOP-6TAC5J4P" name="com.aditya.testcasemobile.TCM007_Login_Invalid" tests="1" failures="0" timestamp="14 Feb 2022 02:01:47 GMT" time="2.612" errors="0">
  <testcase name="main" time="2.612" classname="com.aditya.testcasemobile.TCM007_Login_Invalid"/>
</testsuite> <!-- com.aditya.testcasemobile.TCM007_Login_Invalid -->
