<?xml version="1.0" encoding="UTF-8"?>
<!-- Generated by org.testng.reporters.JUnitReportReporter -->
<testsuite hostname="LAPTOP-6TAC5J4P" name="com.aditya.testcasemobile.TCM003_Register_EmptyAllField" tests="1" failures="0" timestamp="14 Feb 2022 01:32:59 GMT" time="9.616" errors="0">
  <testcase name="main" time="9.616" classname="com.aditya.testcasemobile.TCM003_Register_EmptyAllField"/>
</testsuite> <!-- com.aditya.testcasemobile.TCM003_Register_EmptyAllField -->
