<?xml version="1.0" encoding="UTF-8"?>
<!-- Generated by org.testng.reporters.JUnitReportReporter -->
<testsuite hostname="LAPTOP-6TAC5J4P" name="com.aditya.testcasemobile.TCM004_Register_PasswordNotMatch" tests="1" failures="0" timestamp="14 Feb 2022 01:43:16 GMT" time="7.715" errors="0">
  <testcase name="main" time="7.715" classname="com.aditya.testcasemobile.TCM004_Register_PasswordNotMatch"/>
</testsuite> <!-- com.aditya.testcasemobile.TCM004_Register_PasswordNotMatch -->
